{"level":"DEBUG","time":"2022-06-29T15:45:27.071+0800","caller":"bluebell/main.go:33","msg":"logger init success"}
{"level":"INFO","time":"2022-06-29T15:45:36.484+0800","caller":"logger/logger.go:65","msg":"/","status":200,"method":"GET","path":"/","query":"","ip":"::1","usr-agent":"Mozilla/5.0 (Windows NT 10.0; Win64; x64) AppleWebKit/537.36 (KHTML, like Gecko) Chrome/103.0.0.0 Safari/537.36","errors":"","const":0.0007079}
{"level":"INFO","time":"2022-06-29T15:45:36.528+0800","caller":"logger/logger.go:65","msg":"/favicon.ico","status":404,"method":"GET","path":"/favicon.ico","query":"","ip":"::1","usr-agent":"Mozilla/5.0 (Windows NT 10.0; Win64; x64) AppleWebKit/537.36 (KHTML, like Gecko) Chrome/103.0.0.0 Safari/537.36","errors":"","const":0}
{"level":"INFO","time":"2022-06-29T15:47:53.109+0800","caller":"bluebell/main.go:69","msg":"Shutdown Server."}
{"level":"INFO","time":"2022-06-29T15:47:53.112+0800","caller":"bluebell/main.go:78","msg":"Server exiting"}
{"level":"INFO","time":"2022-06-29T16:47:36.090+0800","caller":"logger/logger.go:65","msg":"/","status":200,"method":"GET","path":"/","query":"","ip":"::1","usr-agent":"Mozilla/5.0 (Windows NT 10.0; Win64; x64) AppleWebKit/537.36 (KHTML, like Gecko) Chrome/103.0.0.0 Safari/537.36","errors":"","const":0}
{"level":"INFO","time":"2022-06-29T16:48:37.492+0800","caller":"bluebell/main.go:69","msg":"Shutdown Server."}
{"level":"INFO","time":"2022-06-29T16:48:37.495+0800","caller":"bluebell/main.go:78","msg":"Server exiting"}
{"level":"INFO","time":"2022-06-29T17:06:34.891+0800","caller":"bluebell/main.go:69","msg":"Shutdown Server."}
{"level":"INFO","time":"2022-06-29T17:06:34.913+0800","caller":"bluebell/main.go:78","msg":"Server exiting"}
{"level":"INFO","time":"2022-06-29T17:07:14.836+0800","caller":"bluebell/main.go:69","msg":"Shutdown Server."}
{"level":"INFO","time":"2022-06-29T17:07:14.858+0800","caller":"bluebell/main.go:78","msg":"Server exiting"}
{"level":"INFO","time":"2022-06-29T17:07:43.159+0800","caller":"bluebell/main.go:69","msg":"Shutdown Server."}
{"level":"INFO","time":"2022-06-29T17:07:43.178+0800","caller":"bluebell/main.go:78","msg":"Server exiting"}
{"level":"INFO","time":"2022-06-29T21:28:41.220+0800","caller":"bluebell/main.go:80","msg":"Shutdown Server."}
{"level":"INFO","time":"2022-06-29T21:28:41.242+0800","caller":"bluebell/main.go:89","msg":"Server exiting"}
{"level":"INFO","time":"2022-06-29T22:09:52.050+0800","caller":"logger/logger.go:65","msg":"/signup","status":200,"method":"POST","path":"/signup","query":"","ip":"::1","usr-agent":"PostmanRuntime/7.29.0","errors":"","const":0.0006446}
{"level":"INFO","time":"2022-06-29T22:10:05.790+0800","caller":"logger/logger.go:65","msg":"/signup","status":200,"method":"POST","path":"/signup","query":"","ip":"::1","usr-agent":"PostmanRuntime/7.29.0","errors":"","const":0}
{"level":"ERROR","time":"2022-06-29T22:11:21.843+0800","caller":"controller/user.go:15","msg":"SignUp with invalid param","error":"json: cannot unmarshal number into Go struct field ParamSignUp.password of type string"}
{"level":"INFO","time":"2022-06-29T22:11:21.843+0800","caller":"logger/logger.go:65","msg":"/signup","status":200,"method":"POST","path":"/signup","query":"","ip":"::1","usr-agent":"PostmanRuntime/7.29.0","errors":"","const":0.0009986}
{"level":"INFO","time":"2022-06-29T22:12:11.168+0800","caller":"bluebell/main.go:80","msg":"Shutdown Server."}
{"level":"INFO","time":"2022-06-29T22:12:11.180+0800","caller":"bluebell/main.go:89","msg":"Server exiting"}
